The C compiler identification could not be found in "/home/ubuntu/Desktop/Caro/Server/cmake-build-debug-coverage/CMakeFiles/3.17.3/CompilerIdC/CMakeCCompilerId.gcno"

Performing C SOURCE FILE Test CMAKE_HAVE_LIBC_PTHREAD failed with the following output:
Change Dir: /home/ubuntu/Desktop/Caro/Server/cmake-build-debug-coverage/CMakeFiles/CMakeTmp

Run Build Command(s):/usr/bin/make cmTC_8965a/fast && /usr/bin/make  -f CMakeFiles/cmTC_8965a.dir/build.make CMakeFiles/cmTC_8965a.dir/build
make[1]: Entering directory '/home/ubuntu/Desktop/Caro/Server/cmake-build-debug-coverage/CMakeFiles/CMakeTmp'
Building C object CMakeFiles/cmTC_8965a.dir/src.c.o
/usr/bin/cc   --coverage -DCMAKE_HAVE_LIBC_PTHREAD   -std=gnu99 -o CMakeFiles/cmTC_8965a.dir/src.c.o   -c /home/ubuntu/Desktop/Caro/Server/cmake-build-debug-coverage/CMakeFiles/CMakeTmp/src.c
Linking C executable cmTC_8965a
/home/ubuntu/Downloads/clion-2020.1.2/bin/cmake/linux/bin/cmake -E cmake_link_script CMakeFiles/cmTC_8965a.dir/link.txt --verbose=1
/usr/bin/cc --coverage -DCMAKE_HAVE_LIBC_PTHREAD    CMakeFiles/cmTC_8965a.dir/src.c.o  -o cmTC_8965a 
/usr/bin/ld: CMakeFiles/cmTC_8965a.dir/src.c.o: in function `main':
src.c:(.text+0x6a): undefined reference to `pthread_create'
/usr/bin/ld: src.c:(.text+0x88): undefined reference to `pthread_detach'
/usr/bin/ld: src.c:(.text+0xa6): undefined reference to `pthread_cancel'
/usr/bin/ld: src.c:(.text+0xc9): undefined reference to `pthread_join'
collect2: error: ld returned 1 exit status
make[1]: *** [CMakeFiles/cmTC_8965a.dir/build.make:107: cmTC_8965a] Error 1
make[1]: Leaving directory '/home/ubuntu/Desktop/Caro/Server/cmake-build-debug-coverage/CMakeFiles/CMakeTmp'
make: *** [Makefile:141: cmTC_8965a/fast] Error 2


Source file was:
#include <pthread.h>

void* test_func(void* data)
{
  return data;
}

int main(void)
{
  pthread_t thread;
  pthread_create(&thread, NULL, test_func, NULL);
  pthread_detach(thread);
  pthread_cancel(thread);
  pthread_join(thread, NULL);
  pthread_atfork(NULL, NULL, NULL);
  pthread_exit(NULL);

  return 0;
}

